<?xml version="1.0" encoding="UTF-8"?>
<!-- Generated by org.testng.reporters.JUnitReportReporter -->
<testsuite hostname="SUFIYAN" failures="0" tests="2" name="technosapeince.FreeCourseEnroll" time="38.446" errors="0" timestamp="2024-08-08T12:22:25 IST" skipped="0">
  <testcase classname="technosapeince.FreeCourseEnroll" name="courseEnroll" time="16.227"/>
  <testcase classname="technosapeince.FreeCourseEnroll" name="courseEnroll" time="22.219"/>
</testsuite> <!-- technosapeince.FreeCourseEnroll -->
