<?xml version="1.0" encoding="UTF-8"?>
<!-- Generated by org.testng.reporters.JUnitReportReporter -->
<testsuite hostname="SUFIYAN" failures="0" tests="14" name="technosapeince.testcase.TestCase_Student_Login" time="89.134" errors="0" timestamp="2024-08-06T13:40:05 IST" skipped="1">
  <testcase classname="technosapeince.testcase.TestCase_Student_Login" name="TestCase_Student" time="3.588"/>
  <testcase classname="technosapeince.testcase.TestCase_Student_Login" name="TestCase_Student" time="4.012"/>
  <testcase classname="technosapeince.testcase.TestCase_Student_Login" name="TestCase_Student" time="2.683"/>
  <testcase classname="technosapeince.testcase.TestCase_Student_Login" name="TestCase_Student" time="2.903"/>
  <testcase classname="technosapeince.testcase.TestCase_Student_Login" name="TestCase_Student" time="5.864"/>
  <testcase classname="technosapeince.testcase.TestCase_Student_Login" name="TestCase_Student" time="3.025"/>
  <testcase classname="technosapeince.testcase.TestCase_Student_Login" name="TestCase_Student" time="3.489"/>
  <testcase classname="technosapeince.testcase.TestCase_Student_Login" name="TestCase_Student" time="4.286"/>
  <testcase classname="technosapeince.testcase.TestCase_Student_Login" name="TestCase_Student" time="8.658"/>
  <testcase classname="technosapeince.testcase.TestCase_Student_Login" name="TestCase_Student" time="7.158"/>
  <testcase classname="technosapeince.testcase.TestCase_Student_Login" name="TestCase_Student" time="3.329"/>
  <testcase classname="technosapeince.testcase.TestCase_Student_Login" name="TestCase_Student" time="7.325"/>
  <testcase classname="technosapeince.testcase.TestCase_Student_Login" name="TestCase_Student" time="23.276">
    <skipped/>
  </testcase> <!-- TestCase_Student -->
  <testcase classname="technosapeince.testcase.TestCase_Student_Login" name="TestCase_Student" time="9.538"/>
</testsuite> <!-- technosapeince.testcase.TestCase_Student_Login -->
