<?xml version="1.0" encoding="UTF-8"?>
<!-- Generated by org.testng.reporters.JUnitReportReporter -->
<testsuite hostname="SUFIYAN" failures="0" tests="13" name="technosapeince.testcase.TestCase_Educator_Login" time="45.606" errors="0" timestamp="2024-07-13T14:29:58 IST" skipped="0">
  <testcase classname="technosapeince.testcase.TestCase_Educator_Login" name="testCase_4" time="3.652"/>
  <testcase classname="technosapeince.testcase.TestCase_Educator_Login" name="testCase_5" time="4.331"/>
  <testcase classname="technosapeince.testcase.TestCase_Educator_Login" name="testCase_6" time="2.894"/>
  <testcase classname="technosapeince.testcase.TestCase_Educator_Login" name="testCase_2" time="3.438"/>
  <testcase classname="technosapeince.testcase.TestCase_Educator_Login" name="testCase_8" time="5.054"/>
  <testcase classname="technosapeince.testcase.TestCase_Educator_Login" name="testCase_12" time="2.664"/>
  <testcase classname="technosapeince.testcase.TestCase_Educator_Login" name="testCase_1" time="3.554"/>
  <testcase classname="technosapeince.testcase.TestCase_Educator_Login" name="testCase_7" time="2.841"/>
  <testcase classname="technosapeince.testcase.TestCase_Educator_Login" name="testCase_11" time="3.128"/>
  <testcase classname="technosapeince.testcase.TestCase_Educator_Login" name="testCase_13" time="2.909"/>
  <testcase classname="technosapeince.testcase.TestCase_Educator_Login" name="testCase_10" time="3.957"/>
  <testcase classname="technosapeince.testcase.TestCase_Educator_Login" name="testCase_3" time="3.937"/>
  <testcase classname="technosapeince.testcase.TestCase_Educator_Login" name="testCase_9" time="3.247"/>
</testsuite> <!-- technosapeince.testcase.TestCase_Educator_Login -->
